0 silly argv {
0 silly argv   _: [ 'run' ],
0 silly argv   lernaVersion: '9.0.0',
0 silly argv   '$0': '..\\..\\..\\AppData\\Roaming\\npm\\node_modules\\lerna\\dist\\cli.js',
0 silly argv   script: 'build'
0 silly argv }
1 notice cli v9.0.0
2 verbose packageConfigs Explicit "packages" configuration found in lerna.json. Resolving packages using the configured glob(s): ["packages/*"]
3 verbose rootPath C:\Users\henri\Documents\GitHub\CRAI-Designsystem
4 error MultipleProjectsWithSameNameError: The following projects are defined in multiple locations:
4 error   - @cr-ai/designsystem-react:
4 error     - .packages/designsystem-react
4 error     - packages/designsystem-react
4 error
4 error   To fix this, set a unique name for each project in a project.json inside the project's root. If the project does not currently have a project.json, you can create one that contains only a name.
4 error       at validateAndNormalizeProjectRootMap (C:\Users\henri\Documents\GitHub\CRAI-Designsystem\node_modules\nx\src\project-graph\utils\project-configuration-utils.js:476:15)
4 error       at mergeCreateNodesResults (C:\Users\henri\Documents\GitHub\CRAI-Designsystem\node_modules\nx\src\project-graph\utils\project-configuration-utils.js:355:9)
4 error       at C:\Users\henri\Documents\GitHub\CRAI-Designsystem\node_modules\nx\src\project-graph\utils\project-configuration-utils.js:299:85
4 error       at async buildProjectGraphAndSourceMapsWithoutDaemon (C:\Users\henri\Documents\GitHub\CRAI-Designsystem\node_modules\nx\src\project-graph\project-graph.js:87:31)
4 error       at async createProjectGraphAndSourceMapsAsync (C:\Users\henri\Documents\GitHub\CRAI-Designsystem\node_modules\nx\src\project-graph\project-graph.js:271:25)
4 error       at async createProjectGraphAsync (C:\Users\henri\Documents\GitHub\CRAI-Designsystem\node_modules\nx\src\project-graph\project-graph.js:219:39)
4 error       at async detectProjects (C:\Users\henri\Documents\GitHub\CRAI-Designsystem\node_modules\lerna\dist\index.js:3290:25)
